 2:
echo $HOME

3:
id

4:
ls /proc/ | grep mem
ls /proc/ | grep cpu

5:
head /proc/meminfo

6:
head /proc/cpuinfo

7:
cat /etc/os-release

8:
cp /datasets/taxidata.tar.gz .
tar -xzvf taxidata.tar.gz
cd taxidata
grep '2019-05-12' 2019-05.csv > may_12_filtered.csv
awk -F, '{sum += $17; count++} END {if (count > 0) print sum/count; else print "No data"}' may_12_filtered.csv

9:
grep '2019-05-12' 2019-05.csv | cut -d, -f17 | sort -nr | head -1

10:
[nicksu24@sjsu taxidata]$ head -10 sorted_dropoff.txt
[nicksu24@sjsu taxidata]$ grep -E "^([^,]*,){1}"2019-05-12" 2019-05.csv | cut -d, -f17 | head 
